<?xml version="1.0" encoding="UTF-8"?>
<!-- Generated by org.testng.reporters.JUnitXMLReporter -->
<testsuite ignored="4" hostname="Aparna" failures="0" tests="1" name="Default test" time="91.584" errors="0" timestamp="2023-08-01T21:03:16 IST">
  <testcase classname="com.sevenmart.tests.ManageDeliveryBoyTest" name="verify_ResultforNonExistingDeliveryBoy" time="1.381"/>
  <testcase classname="com.sevenmart.tests.ManageDeliveryBoyTest" name="verify_ManageDeliveryboy" time="0.0">
    <ignored/>
  </testcase> <!-- verify_ManageDeliveryboy -->
  <testcase classname="com.sevenmart.tests.ManageDeliveryBoyTest" name="Verify_AlreadyExistingUsername" time="0.0">
    <ignored/>
  </testcase> <!-- Verify_AlreadyExistingUsername -->
  <testcase classname="com.sevenmart.tests.ManageDeliveryBoyTest" name="Verify_CreateNewDeliveryBoyDetails" time="0.0">
    <ignored/>
  </testcase> <!-- Verify_CreateNewDeliveryBoyDetails -->
  <testcase classname="com.sevenmart.tests.ManageDeliveryBoyTest" name="Verify_SearchForAlreadyExistingDeliveryBoy" time="0.0">
    <ignored/>
  </testcase> <!-- Verify_SearchForAlreadyExistingDeliveryBoy -->
</testsuite> <!-- Default test -->
