<?xml version="1.0" encoding="UTF-8"?>
<!-- Generated by org.testng.reporters.JUnitXMLReporter -->
<testsuite ignored="0" hostname="Aparna" failures="0" tests="6" name="running in firefox" time="169.009" errors="0" timestamp="2023-08-02T08:00:57 IST">
  <testcase classname="com.sevenmart.tests.AdminUsersTest" name="Verify_AddNewAdminUsers" time="0.0">
    <skipped/>
  </testcase> <!-- Verify_AddNewAdminUsers -->
  <testcase classname="com.sevenmart.tests.AdminUsersTest" name="Verify_AddNewDeliveryBoyUsers" time="0.0">
    <skipped/>
  </testcase> <!-- Verify_AddNewDeliveryBoyUsers -->
  <testcase classname="com.sevenmart.tests.AdminUsersTest" name="Verify_AddNewPartnerUsers" time="0.0">
    <skipped/>
  </testcase> <!-- Verify_AddNewPartnerUsers -->
  <testcase classname="com.sevenmart.tests.AdminUsersTest" name="Verify_AddNewStaffUsers" time="0.0">
    <skipped/>
  </testcase> <!-- Verify_AddNewStaffUsers -->
  <testcase classname="com.sevenmart.tests.AdminUsersTest" name="Verify_DeleteAdminUser" time="0.0">
    <skipped/>
  </testcase> <!-- Verify_DeleteAdminUser -->
  <testcase classname="com.sevenmart.tests.AdminUsersTest" name="Verify_HitAdminUser" time="0.0">
    <skipped/>
  </testcase> <!-- Verify_HitAdminUser -->
</testsuite> <!-- running in firefox -->
