<?xml version="1.0" encoding="UTF-8"?>
<!-- Generated by org.testng.reporters.JUnitXMLReporter -->
<testsuite ignored="8" hostname="Aparna" failures="0" tests="3" name="running in group" time="265.247" errors="0" timestamp="2023-08-02T08:34:27 IST">
  <testcase classname="com.sevenmart.tests.AdminUsersTest" name="Verify_AddNewDeliveryBoyUsers" time="1.767"/>
  <testcase classname="com.sevenmart.tests.ManageDeliveryBoyTest" name="Verify_SearchForAlreadyExistingDeliveryBoy" time="1.66"/>
  <testcase classname="com.sevenmart.tests.AdminUsersTest" name="Verify_HitAdminUser" time="0.977"/>
  <testcase classname="com.sevenmart.tests.AdminUsersTest" name="Verify_AddNewStaffUsers" time="0.0">
    <ignored/>
  </testcase> <!-- Verify_AddNewStaffUsers -->
  <testcase classname="com.sevenmart.tests.ManageDeliveryBoyTest" name="Verify_AlreadyExistingUsername" time="0.0">
    <ignored/>
  </testcase> <!-- Verify_AlreadyExistingUsername -->
  <testcase classname="com.sevenmart.tests.AdminUsersTest" name="Verify_AddNewPartnerUsers" time="0.0">
    <ignored/>
  </testcase> <!-- Verify_AddNewPartnerUsers -->
  <testcase classname="com.sevenmart.tests.AdminUsersTest" name="Verify_AddNewAdminUsers" time="0.0">
    <ignored/>
  </testcase> <!-- Verify_AddNewAdminUsers -->
  <testcase classname="com.sevenmart.tests.ManageDeliveryBoyTest" name="Verify_CreateNewDeliveryBoyDetails" time="0.0">
    <ignored/>
  </testcase> <!-- Verify_CreateNewDeliveryBoyDetails -->
  <testcase classname="com.sevenmart.tests.ManageDeliveryBoyTest" name="verify_ManageDeliveryboy" time="0.0">
    <ignored/>
  </testcase> <!-- verify_ManageDeliveryboy -->
  <testcase classname="com.sevenmart.tests.ManageDeliveryBoyTest" name="verify_ResultforNonExistingDeliveryBoy" time="0.0">
    <ignored/>
  </testcase> <!-- verify_ResultforNonExistingDeliveryBoy -->
  <testcase classname="com.sevenmart.tests.AdminUsersTest" name="Verify_DeleteAdminUser" time="0.0">
    <ignored/>
  </testcase> <!-- Verify_DeleteAdminUser -->
</testsuite> <!-- running in group -->
