<?xml version="1.0" encoding="UTF-8"?>
<testng-results ignored="4" total="5" passed="0" failed="1" skipped="0">
  <reporter-output>
  </reporter-output>
  <suite started-at="2023-08-03T07:27:07 IST" name="Default suite" finished-at="2023-08-03T07:28:39 IST" duration-ms="92187">
    <groups>
    </groups>
    <test started-at="2023-08-03T07:27:07 IST" name="Default test" finished-at="2023-08-03T07:28:39 IST" duration-ms="92187">
      <class name="com.sevenmart.tests.ManageDeliveryBoyTest">
        <test-method is-config="true" signature="launchBrowser()[pri:0, instance:com.sevenmart.tests.ManageDeliveryBoyTest@14fc5f04]" started-at="2023-08-03T07:27:07 IST" name="launchBrowser" finished-at="2023-08-03T07:28:36 IST" duration-ms="88787" status="PASS">
          <reporter-output>
          </reporter-output>
        </test-method> <!-- launchBrowser -->
        <test-method signature="Verify_CreateNewDeliveryBoyDetails(java.lang.String,java.lang.String,java.lang.String,java.lang.String,java.lang.String,java.lang.String)[pri:0, instance:com.sevenmart.tests.ManageDeliveryBoyTest@14fc5f04]" started-at="2023-08-03T07:28:36 IST" name="Verify_CreateNewDeliveryBoyDetails" data-provider="DeliveryBoyDetails" finished-at="2023-08-03T07:28:39 IST" duration-ms="3139" status="FAIL">
          <params>
            <param index="0">
              <value>
                <![CDATA[Merla]]>
              </value>
            </param>
            <param index="1">
              <value>
                <![CDATA[rayon1s5@gmail.com]]>
              </value>
            </param>
            <param index="2">
              <value>
                <![CDATA[2434525]]>
              </value>
            </param>
            <param index="3">
              <value>
                <![CDATA[Shasff]]>
              </value>
            </param>
            <param index="4">
              <value>
                <![CDATA[ApaRajsh]]>
              </value>
            </param>
            <param index="5">
              <value>
                <![CDATA[Aparsfna1987]]>
              </value>
            </param>
          </params>
          <exception class="java.lang.AssertionError">
            <message>
              <![CDATA[Result not found expected [ApaRajshGreta] but found [ApaRajsh]]]>
            </message>
            <full-stacktrace>
              <![CDATA[java.lang.AssertionError: Result not found expected [ApaRajshGreta] but found [ApaRajsh]
at org.testng.Assert.fail(Assert.java:110)
at org.testng.Assert.failNotEquals(Assert.java:1577)
at org.testng.Assert.assertEqualsImpl(Assert.java:149)
at org.testng.Assert.assertEquals(Assert.java:131)
at org.testng.Assert.assertEquals(Assert.java:655)
at com.sevenmart.tests.ManageDeliveryBoyTest.Verify_CreateNewDeliveryBoyDetails(ManageDeliveryBoyTest.java:48)
at java.base/jdk.internal.reflect.NativeMethodAccessorImpl.invoke0(Native Method)
at java.base/jdk.internal.reflect.NativeMethodAccessorImpl.invoke(NativeMethodAccessorImpl.java:62)
at java.base/jdk.internal.reflect.DelegatingMethodAccessorImpl.invoke(DelegatingMethodAccessorImpl.java:43)
at java.base/java.lang.reflect.Method.invoke(Method.java:566)
at org.testng.internal.invokers.MethodInvocationHelper.invokeMethod(MethodInvocationHelper.java:139)
at org.testng.internal.invokers.TestInvoker.invokeMethod(TestInvoker.java:677)
at org.testng.internal.invokers.TestInvoker.invokeTestMethod(TestInvoker.java:221)
at org.testng.internal.invokers.MethodRunner.runInSequence(MethodRunner.java:50)
at org.testng.internal.invokers.TestInvoker$MethodInvocationAgent.invoke(TestInvoker.java:969)
at org.testng.internal.invokers.TestInvoker.invokeTestMethods(TestInvoker.java:194)
at org.testng.internal.invokers.TestMethodWorker.invokeTestMethods(TestMethodWorker.java:148)
at org.testng.internal.invokers.TestMethodWorker.run(TestMethodWorker.java:128)
at java.base/java.util.ArrayList.forEach(ArrayList.java:1540)
at org.testng.TestRunner.privateRun(TestRunner.java:829)
at org.testng.TestRunner.run(TestRunner.java:602)
at org.testng.SuiteRunner.runTest(SuiteRunner.java:437)
at org.testng.SuiteRunner.runSequentially(SuiteRunner.java:431)
at org.testng.SuiteRunner.privateRun(SuiteRunner.java:391)
at org.testng.SuiteRunner.run(SuiteRunner.java:330)
at org.testng.SuiteRunnerWorker.runSuite(SuiteRunnerWorker.java:52)
at org.testng.SuiteRunnerWorker.run(SuiteRunnerWorker.java:95)
at org.testng.TestNG.runSuitesSequentially(TestNG.java:1256)
at org.testng.TestNG.runSuitesLocally(TestNG.java:1176)
at org.testng.TestNG.runSuites(TestNG.java:1099)
at org.testng.TestNG.run(TestNG.java:1067)
at org.testng.remote.AbstractRemoteTestNG.run(AbstractRemoteTestNG.java:115)
at org.testng.remote.RemoteTestNG.initAndRun(RemoteTestNG.java:251)
at org.testng.remote.RemoteTestNG.main(RemoteTestNG.java:77)
]]>
            </full-stacktrace>
          </exception> <!-- java.lang.AssertionError -->
          <reporter-output>
          </reporter-output>
        </test-method> <!-- Verify_CreateNewDeliveryBoyDetails -->
        <test-method is-config="true" signature="closeBrowser(org.testng.ITestResult)[pri:0, instance:com.sevenmart.tests.ManageDeliveryBoyTest@14fc5f04]" started-at="2023-08-03T07:28:39 IST" name="closeBrowser" finished-at="2023-08-03T07:28:39 IST" duration-ms="177" status="PASS">
          <params>
            <param index="0">
              <value>
                <![CDATA[[TestResult name=Verify_CreateNewDeliveryBoyDetails status=FAILURE method=ManageDeliveryBoyTest.Verify_CreateNewDeliveryBoyDetails(java.lang.String,java.lang.String,java.lang.String,java.lang.String,java.lang.String,java.lang.String)[pri:0, instance:com.sevenmart.tests.ManageDeliveryBoyTest@14fc5f04] output={null}]]]>
              </value>
            </param>
          </params>
          <reporter-output>
          </reporter-output>
        </test-method> <!-- closeBrowser -->
      </class> <!-- com.sevenmart.tests.ManageDeliveryBoyTest -->
    </test> <!-- Default test -->
  </suite> <!-- Default suite -->
</testng-results>
